<?xml version="1.0" encoding="UTF-8"?>
<!-- Generated by org.testng.reporters.JUnitReportReporter -->
<testsuite skipped="0" hostname="LAPTOP-SKMQL1Q7" name="tests.SearchBusesTest" tests="2" failures="0" timestamp="2020-01-28T12:11:43 IST" time="48.638" errors="0">
  <testcase name="testSearchPage" time="24.429" classname="tests.SearchBusesTest"/>
  <system-out/>
  <testcase name="testSearchPage" time="24.209" classname="tests.SearchBusesTest"/>
  <system-out/>
</testsuite> <!-- tests.SearchBusesTest -->
